<?xml version="1.0" encoding="UTF-8"?>
<!-- Generated by org.testng.reporters.JUnitReportReporter -->
<testsuite skipped="0" hostname="LAPTOP-AUG5HGQL" name="tests.TestCase1" tests="8" failures="0" timestamp="25 Oct 2020 20:00:22 GMT" time="0.032" errors="0">
  <testcase name="Click_Next_Button" time="0.031" classname="tests.TestCase1"/>
  <testcase name="Launching_URL" time="0.001" classname="tests.TestCase1"/>
  <testcase name="Navigate_HomePage" time="0.000" classname="tests.TestCase1"/>
  <testcase name="Open_Browser" time="0.000" classname="tests.TestCase1"/>
  <testcase name="Click_Signup_Link" time="0.000" classname="tests.TestCase1"/>
  <testcase name="Enter_Username" time="0.000" classname="tests.TestCase1"/>
  <testcase name="GoTo_Gmail" time="0.000" classname="tests.TestCase1"/>
  <testcase name="Enter_Password" time="0.000" classname="tests.TestCase1"/>
</testsuite> <!-- tests.TestCase1 -->
